\BOOKMARK [0][]{chapter.1}{\376\377\004\055\004\073\004\065\004\074\004\065\004\075\004\102\004\113\000\040\004\102\004\065\004\075\004\067\004\076\004\100\004\075\004\076\004\063\004\076\000\040\004\070\004\101\004\107\004\070\004\101\004\073\004\065\004\075\004\070\004\117}{}% 1
\BOOKMARK [1][]{section.1.1}{\376\377\004\022\004\065\004\072\004\102\004\076\004\100\004\113}{chapter.1}% 2
\BOOKMARK [1][]{section.1.2}{\376\377\004\036\004\077\004\100\004\065\004\064\004\065\004\073\004\065\004\075\004\070\004\065\000\040\004\102\004\065\004\075\004\067\004\076\004\100\004\060}{chapter.1}% 3
\BOOKMARK [1][]{section.1.3}{\376\377\004\024\004\065\004\071\004\101\004\102\004\062\004\070\004\117\000\040\004\075\004\060\004\064\000\040\004\102\004\065\004\075\004\067\004\076\004\100\004\060\004\074\004\070}{chapter.1}% 4
\BOOKMARK [1][]{section.1.4}{\376\377\004\037\004\076\004\073\004\070\004\060\004\064\004\075\004\076\004\065\000\040\004\077\004\100\004\065\004\064\004\101\004\102\004\060\004\062\004\073\004\065\004\075\004\070\004\065}{chapter.1}% 5
\BOOKMARK [1][]{section.1.5}{\376\377\004\022\004\065\004\072\004\102\004\076\004\100\004\075\004\076\004\065\000\040\004\077\004\100\004\076\004\070\004\067\004\062\004\065\004\064\004\065\004\075\004\070\004\065\000\040\004\070\000\040\004\102\004\065\004\075\004\067\004\076\004\100\000\040\004\033\004\065\003\001\004\062\004\070\000-\004\047\004\070\004\062\004\070\003\001\004\102\004\113}{chapter.1}% 6
\BOOKMARK [1][]{section.1.6}{\376\377\004\041\004\070\004\074\004\074\004\065\004\102\004\100\004\070\004\107\004\075\004\113\004\065\000\040\004\070\000\040\004\060\004\075\004\102\004\070\004\101\004\070\004\074\004\074\004\065\004\102\004\100\004\070\004\107\004\075\004\113\004\065\000\040\004\102\004\065\004\075\004\067\004\076\004\100\004\113}{chapter.1}% 7
\BOOKMARK [1][]{section.1.7}{\376\377\004\041\004\076\004\061\004\101\004\102\004\062\004\065\004\075\004\075\004\113\004\065\000\040\004\062\004\065\004\072\004\102\004\076\004\100\004\113\000\040\004\070\000\040\004\101\004\076\004\061\004\101\004\102\004\062\004\065\004\075\004\075\004\113\004\065\000\040\004\107\004\070\004\101\004\073\004\060\000\040\004\102\004\065\004\075\004\067\004\076\004\100\004\060}{chapter.1}% 8
\BOOKMARK [1][]{section.1.8}{\376\377\004\042\004\065\004\075\004\067\004\076\004\100\000\040\004\077\004\076\004\062\004\076\004\100\004\076\004\102\004\060}{chapter.1}% 9
\BOOKMARK [1][]{section.1.9}{\376\377\004\022\004\060\004\100\004\114\004\070\004\100\004\076\004\062\004\060\004\075\004\070\004\065}{chapter.1}% 10
\BOOKMARK [1][]{section.1.10}{\376\377\004\037\004\076\004\073\004\117\004\100\004\075\004\076\004\065\000\040\004\100\004\060\004\067\004\073\004\076\004\066\004\065\004\075\004\070\004\065}{chapter.1}% 11
\BOOKMARK [1][]{section.1.11}{\376\377\004\042\004\065\004\075\004\067\004\076\004\100\004\113\000\040\004\062\000\040\004\072\004\076\004\101\004\076\004\103\004\063\004\076\004\073\004\114\004\075\004\076\004\074\000\040\004\061\004\060\004\067\004\070\004\101\004\065}{chapter.1}% 12
\BOOKMARK [1][]{section.1.12}{\376\377\004\042\004\065\004\075\004\067\004\076\004\100\004\075\004\113\004\065\000\040\004\104\004\103\004\075\004\072\004\106\004\070\004\070}{chapter.1}% 13
\BOOKMARK [1][]{section.1.13}{\376\377\004\042\004\065\004\075\004\067\004\076\004\100\004\075\004\113\004\065\000\040\004\077\004\076\004\073\004\117\000.\000\040\004\024\004\070\004\104\004\104\004\065\004\100\004\065\004\075\004\106\004\070\004\100\004\076\004\062\004\060\004\075\004\070\004\065}{chapter.1}% 14
\BOOKMARK [1][]{section.1.14}{\376\377\004\030\004\075\004\102\004\065\004\063\004\100\004\060\004\073\004\114\004\075\004\113\004\065\000\040\004\102\004\065\004\076\004\100\004\065\004\074\004\113}{chapter.1}% 15
\BOOKMARK [1][]{section.1.15}{\376\377\004\042\004\065\004\075\004\067\004\076\004\100\004\113\000\040\004\072\004\100\004\070\004\062\004\070\004\067\004\075\004\113}{chapter.1}% 16
\BOOKMARK [0][]{chapter.2}{\376\377\004\036\004\101\004\075\004\076\004\062\004\113\000\040\004\076\004\061\004\111\004\065\004\071\000\040\004\074\004\065\004\105\004\060\004\075\004\070\004\072\004\070}{}% 17
\BOOKMARK [1][]{section.2.1}{\376\377\004\030\004\101\004\105\004\076\004\064\004\075\004\113\004\065\000\040\004\077\004\100\004\065\004\064\004\101\004\102\004\060\004\062\004\073\004\065\004\075\004\070\004\117}{chapter.2}% 18
\BOOKMARK [1][]{section.2.2}{\376\377\004\041\004\076\004\062\004\065\004\100\004\110\004\065\004\075\004\075\004\076\000\040\004\066\004\121\004\101\004\102\004\072\004\076\004\065\000\040\004\075\004\065\004\064\004\065\004\104\004\076\004\100\004\074\004\070\004\100\004\103\004\065\004\074\004\076\004\065\000\040\004\102\004\062\004\121\004\100\004\064\004\076\004\065\000\040\004\102\004\065\004\073\004\076}{chapter.2}% 19
\BOOKMARK [1][]{section.2.3}{\376\377\004\037\004\100\004\070\004\075\004\106\004\070\004\077\000\040\004\062\004\070\004\100\004\102\004\103\004\060\004\073\004\114\004\075\004\076\004\071\000\040\004\100\004\060\004\061\004\076\004\102\004\113}{chapter.2}% 20
\BOOKMARK [1][]{section.2.4}{\376\377\004\021\004\060\004\073\004\060\004\075\004\101\000\040\004\070\004\074\004\077\004\103\004\073\004\114\004\101\004\060\000,\000\040\004\074\004\076\004\074\004\065\004\075\004\102\004\060\000\040\004\070\004\074\004\077\004\103\004\073\004\114\004\101\004\060\000\040\004\070\000\040\004\115\004\075\004\065\004\100\004\063\004\070\004\070}{chapter.2}% 21
\BOOKMARK [1][]{section.2.5}{\376\377\004\037\004\100\004\070\004\075\004\106\004\070\004\077\000\040\004\023\004\060\004\074\004\070\004\073\004\114\004\102\004\076\004\075\004\060\000\040\004\070\000\040\004\103\004\100\004\060\004\062\004\075\004\065\004\075\004\070\004\117\000\040\004\033\004\060\004\063\004\100\004\060\004\075\004\066\004\060}{chapter.2}% 22
\BOOKMARK [1][]{section.2.6}{\376\377\004\041\004\102\004\060\004\102\004\070\004\072\004\060}{chapter.2}% 23
\BOOKMARK [1][]{section.2.7}{\376\377\004\034\004\065\004\105\004\060\004\075\004\070\004\072\004\060\000\040\004\076\004\102\004\075\004\076\004\101\004\070\004\102\004\065\004\073\004\114\004\075\004\076\004\063\004\076\000\040\004\064\004\062\004\070\004\066\004\065\004\075\004\070\004\117}{chapter.2}% 24
\BOOKMARK [1][]{section.2.8}{\376\377\004\034\004\060\004\073\004\113\004\065\000\040\004\072\004\076\004\073\004\065\004\061\004\060\004\075\004\070\004\117}{chapter.2}% 25
\BOOKMARK [0][]{chapter.3}{\376\377\004\035\004\065\004\073\004\070\004\075\004\065\004\071\004\075\004\076\000-\004\103\004\077\004\100\004\103\004\063\004\060\004\117\000\040\004\061\004\065\004\067\004\074\004\076\004\074\004\065\004\075\004\102\004\075\004\060\004\117\000\040\004\101\004\100\004\065\004\064\004\060}{}% 26
\BOOKMARK [1][]{section.3.1}{\376\377\004\034\004\076\004\064\004\065\004\073\004\114\000\040\004\101\004\077\004\073\004\076\004\110\004\075\004\076\004\071\000\040\004\101\004\100\004\065\004\064\004\113\000.\000\040\004\036\004\077\004\070\004\101\004\060\004\075\004\070\004\117\000\040\004\077\004\100\004\076\004\106\004\065\004\101\004\101\004\076\004\062}{chapter.3}% 27
\BOOKMARK [1][]{section.3.2}{\376\377\004\024\004\070\004\104\004\104\004\065\004\100\004\065\004\075\004\106\004\070\004\100\004\076\004\062\004\060\004\075\004\070\004\065}{chapter.3}% 28
\BOOKMARK [1][]{section.3.3}{\376\377\004\023\004\100\004\060\004\064\004\070\004\065\004\075\004\102\000\040\004\064\004\062\004\070\004\066\004\065\004\075\004\070\004\117}{chapter.3}% 29
\BOOKMARK [1][]{section.3.4}{\376\377\004\042\004\065\004\075\004\067\004\076\004\100\004\113\000\040\004\070\000\040\004\074\004\065\004\100\004\113\000\040\004\064\004\065\004\104\004\076\004\100\004\074\004\060\004\106\004\070\004\070}{chapter.3}% 30
\BOOKMARK [1][]{section.3.5}{\376\377\004\037\004\076\004\073\004\065\000\040\004\101\004\072\004\076\004\100\004\076\004\101\004\102\004\065\004\071}{chapter.3}% 31
\BOOKMARK [1][]{section.3.6}{\376\377\004\022\004\065\004\072\004\102\004\076\004\100\000\040\004\077\004\073\004\076\003\001\004\111\004\060\004\064\004\070\000.\000\040\004\030\004\067\004\074\004\065\004\075\004\065\004\075\004\070\004\065\000\040\004\077\004\073\004\076\004\111\004\060\003\001\004\064\004\072\004\070}{chapter.3}% 32
\BOOKMARK [1][]{section.3.7}{\376\377\004\041\004\070\004\073\004\113\000\040\004\062\000\040\004\101\004\077\004\073\004\076\004\110\004\075\004\076\004\071\000\040\004\101\004\100\004\065\004\064\004\065\000.\000\040\004\042\004\065\004\075\004\067\004\076\004\100\000\040\004\075\004\060\004\077\004\100\004\117\004\066\004\065\004\075\004\070\004\117\000\040\004\032\004\076\004\110\004\070}{chapter.3}% 33
\BOOKMARK [1][]{section.3.8}{\376\377\004\021\004\060\004\073\004\060\004\075\004\101\000\040\004\070\004\074\004\077\004\103\004\073\004\114\004\101\004\060\000\040\004\070\000\040\004\074\004\076\004\074\004\065\004\075\004\102\004\060\000\040\004\070\004\074\004\077\004\103\004\073\004\114\004\101\004\060}{chapter.3}% 34
\BOOKMARK [1][]{section.3.9}{\376\377\004\041\004\076\004\061\004\101\004\102\004\062\004\065\004\075\004\075\004\113\004\065\000\040\004\107\004\070\004\101\004\073\004\060\000\040\004\102\004\065\004\075\004\067\004\076\004\100\004\060\000\040\004\075\004\060\004\077\004\100\004\117\004\066\004\065\004\075\004\070\004\117\000\040\004\032\004\076\004\110\004\070}{chapter.3}% 35
\BOOKMARK [1][]{section.3.10}{\376\377\004\037\004\100\004\070\004\075\004\106\004\070\004\077\000\040\004\062\004\070\004\100\004\102\004\103\004\060\004\073\004\114\004\075\004\076\004\071\000\040\004\100\004\060\004\061\004\076\004\102\004\113}{chapter.3}% 36
\BOOKMARK [1][]{section.3.11}{\376\377\004\036\004\077\004\100\004\065\004\064\004\065\004\073\004\117\004\116\004\111\004\070\004\065\000\040\004\076\004\102\004\075\004\076\004\110\004\065\004\075\004\070\004\117\000\040\004\103\004\077\004\100\004\103\004\063\004\076\004\101\004\102\004\070}{chapter.3}% 37
\BOOKMARK [1][]{section.3.12}{\376\377\004\042\004\065\004\075\004\067\004\076\004\100\004\113\000\040\004\075\004\060\004\077\004\100\004\117\004\066\004\065\004\075\004\070\004\117\000\040\004\037\004\070\004\076\004\073\004\113\040\023\004\032\004\070\004\100\004\105\004\063\004\076\004\104\004\060\000\040\004\070\000\040\004\064\004\100\004\103\004\063\004\070\004\065\000\040\004\074\004\065\004\100\004\113\000\040\004\075\004\060\004\077\004\100\004\117\004\066\004\065\004\075\004\070\004\117}{chapter.3}% 38
\BOOKMARK [1][]{section.3.13}{\376\377\004\022\004\060\004\100\004\114\004\070\004\100\004\076\004\062\004\060\004\075\004\070\004\065\000\040\004\102\004\065\004\072\004\103\004\111\004\065\004\071\000\040\004\072\004\076\004\075\004\104\004\070\004\063\004\103\004\100\004\060\004\106\004\070\004\070}{chapter.3}% 39
\BOOKMARK [1][]{section.3.14}{\376\377\004\022\004\075\004\103\004\102\004\100\004\065\004\075\004\075\004\070\004\065\000\040\004\101\004\062\004\117\004\067\004\070}{chapter.3}% 40
\BOOKMARK [1][]{section.3.15}{\376\377\004\037\004\076\004\073\004\060\004\117\000\040\004\101\004\104\004\065\004\100\004\060\000\040\004\077\004\076\004\064\000\040\004\064\004\065\004\071\004\101\004\102\004\062\004\070\004\065\004\074\000\040\004\064\004\060\004\062\004\073\004\065\004\075\004\070\004\117}{chapter.3}% 41
\BOOKMARK [1][]{section.3.16}{\376\377\004\035\004\060\004\077\004\100\004\117\004\066\004\065\004\075\004\070\004\117\000\040\004\072\004\060\004\072\000\040\004\074\004\075\004\076\004\066\004\070\004\102\004\065\004\073\004\070\000\040\004\033\004\060\004\063\004\100\004\060\004\075\004\066\004\060}{chapter.3}% 42
\BOOKMARK [0][]{chapter.4}{\376\377\004\032\004\073\004\060\004\101\004\101\004\070\004\107\004\065\004\101\004\072\004\060\004\117\000\040\004\073\004\070\004\075\004\065\004\071\004\075\004\060\004\117\000\040\004\103\004\077\004\100\004\103\004\063\004\076\004\101\004\102\004\114}{}% 43
\BOOKMARK [1][]{section.4.1}{\376\377\004\037\004\076\004\073\004\075\004\113\004\071\000\040\004\075\004\060\004\061\004\076\004\100\000\040\004\103\004\100\004\060\004\062\004\075\004\065\004\075\004\070\004\071}{chapter.4}% 44
\BOOKMARK [1][]{section.4.2}{\376\377\004\025\004\064\004\070\004\075\004\101\004\102\004\062\004\065\004\075\004\075\004\076\004\101\004\102\004\114\000\040\004\100\004\065\004\110\004\065\004\075\004\070\004\117\000\040\004\064\004\070\004\075\004\060\004\074\004\070\004\107\004\065\004\101\004\072\004\076\004\071\000\040\004\067\004\060\004\064\004\060\004\107\004\070}{chapter.4}% 45
\BOOKMARK [1][]{section.4.3}{\376\377\004\027\004\060\004\072\004\076\004\075\000\040\004\023\004\103\004\072\004\060\000\040\000c\000e\000i\000i\000i\000n\000o\000s\000s\000s\000t\000t\000u\000v}{chapter.4}% 46
\BOOKMARK [1][]{section.4.4}{\376\377\004\042\004\065\004\076\004\100\004\065\004\074\004\113\000\040\004\101\004\102\004\060\004\102\004\070\004\072\004\070}{chapter.4}% 47
\BOOKMARK [1][]{section.4.5}{\376\377\004\043\004\100\004\060\004\062\004\075\004\065\004\075\004\070\004\117\000\040\004\062\000\040\004\077\004\065\004\100\004\065\004\074\004\065\004\111\004\065\004\075\004\070\004\117\004\105}{chapter.4}% 48
\BOOKMARK [1][]{section.4.6}{\376\377\004\041\004\076\004\101\004\100\004\065\004\064\004\076\004\102\004\076\004\107\004\065\004\075\004\075\004\060\004\117\000\040\004\101\004\070\004\073\004\060\000\040\004\062\000\040\004\075\004\065\004\076\004\063\004\100\004\060\004\075\004\070\004\107\004\065\004\075\004\075\004\076\004\071\000\040\004\101\004\100\004\065\004\064\004\065}{chapter.4}% 49
\BOOKMARK [1][]{section.4.7}{\376\377\004\036\004\077\004\100\004\065\004\064\004\065\004\073\004\065\004\075\004\070\004\065\000\040\004\077\004\065\004\100\004\065\004\074\004\065\004\111\004\065\004\075\004\070\004\071\000\040\004\077\004\076\000\040\004\064\004\065\004\104\004\076\004\100\004\074\004\060\004\106\004\070\004\117\004\074}{chapter.4}% 50
\BOOKMARK [1][]{section.4.8}{\376\377\004\043\004\100\004\060\004\062\004\075\004\065\004\075\004\070\004\117\000\040\004\062\000\040\004\075\004\060\004\077\004\100\004\117\004\066\004\065\004\075\004\070\004\117\004\105}{chapter.4}% 51
\BOOKMARK [1][]{section.4.9}{\376\377\004\037\004\100\004\070\004\075\004\106\004\070\004\077\000\040\004\074\004\070\004\075\004\070\004\074\004\103\004\074\004\060\000\040\004\077\004\076\004\102\004\065\004\075\004\106\004\070\004\060\004\073\004\114\004\075\004\076\004\071\000\040\004\115\004\075\004\065\004\100\004\063\004\070\004\070}{chapter.4}% 52
\BOOKMARK [1][]{section.4.10}{\376\377\004\037\004\100\004\070\004\075\004\106\004\070\004\077\000\040\004\074\004\070\004\075\004\070\004\074\004\103\004\074\004\060\000\040\004\064\004\076\004\077\004\076\004\073\004\075\004\070\004\102\004\065\004\073\004\114\004\075\004\076\004\071\000\040\004\115\004\075\004\065\004\100\004\063\004\070\004\070}{chapter.4}% 53
\BOOKMARK [1][]{section.4.11}{\376\377\004\041\004\074\004\065\004\110\004\060\004\075\004\075\004\113\004\065\000\040\004\077\004\100\004\070\004\075\004\106\004\070\004\077\004\113\000\040\004\101\004\102\004\060\004\106\004\070\004\076\004\075\004\060\004\100\004\075\004\076\004\101\004\102\004\070}{chapter.4}% 54
\BOOKMARK [1][]{section.4.12}{\376\377\004\020\004\075\004\102\004\070\004\077\004\073\004\076\004\101\004\072\004\070\004\071\000\040\004\101\004\064\004\062\004\070\004\063}{chapter.4}% 55
\BOOKMARK [1][]{section.4.13}{\376\377\004\032\004\100\004\103\004\107\004\065\004\075\004\070\004\065\000\040\004\101\004\102\004\065\004\100\004\066\004\075\004\065\004\071}{chapter.4}% 56
\BOOKMARK [1][]{section.4.14}{\376\377\004\037\004\073\004\076\004\101\004\072\004\060\004\117\000\040\004\064\004\065\004\104\004\076\004\100\004\074\004\060\004\106\004\070\004\117}{chapter.4}% 57
\BOOKMARK [0][]{chapter.5}{\376\377\004\034\004\076\004\074\004\065\004\075\004\102\004\075\004\060\004\117\000\040\004\102\004\100\004\121\004\105\004\074\004\065\004\100\004\075\004\060\004\117\000\040\004\101\004\100\004\065\004\064\004\060}{}% 58
\BOOKMARK [1][]{section.5.1}{\376\377\004\022\004\062\004\065\004\064\004\065\004\075\004\070\004\065\000\040\004\062\000\040\004\073\004\070\004\075\004\065\004\071\004\075\004\103\004\116\000\040\004\074\004\076\004\074\004\065\004\075\004\102\004\075\004\103\004\116\000\040\004\102\004\065\004\076\004\100\004\070\004\116}{chapter.5}% 59
\BOOKMARK [1][]{section.5.2}{\376\377\004\036\004\102\004\075\004\076\004\110\004\065\004\075\004\070\004\117\000\040\004\103\004\077\004\100\004\103\004\063\004\076\004\101\004\102\004\070}{chapter.5}% 60
\BOOKMARK [1][]{section.5.3}{\376\377\004\043\004\100\004\060\004\062\004\075\004\065\004\075\004\070\004\117\000\040\004\101\004\076\004\062\004\074\004\065\004\101\004\102\004\075\004\076\004\101\004\102\004\070}{chapter.5}% 61
\BOOKMARK [1][]{section.5.4}{\376\377\004\042\004\065\004\076\004\100\004\065\004\074\004\113\000\040\004\101\004\102\004\060\004\102\004\070\004\072\004\070}{chapter.5}% 62
\BOOKMARK [1][]{section.5.5}{\376\377\004\037\004\101\004\065\004\062\004\064\004\076\004\072\004\076\004\075\004\102\004\070\004\075\004\103\004\103\004\074\000\040\004\032\004\076\004\101\004\101\004\065\004\100\004\060}{chapter.5}% 63
\BOOKMARK [1][]{section.5.6}{\376\377\004\037\004\073\004\076\004\101\004\072\004\060\004\117\000\040\004\064\004\065\004\104\004\076\004\100\004\074\004\060\004\106\004\070\004\117}{chapter.5}% 64
\BOOKMARK [1][]{section.5.7}{\376\377\004\035\004\065\004\073\004\070\004\075\004\065\004\071\004\075\004\060\004\117\000\040\004\102\004\065\004\076\004\100\004\070\004\117}{chapter.5}% 65
\BOOKMARK [1][]{section.5.8}{\376\377\004\035\004\065\004\073\004\070\004\075\004\065\004\071\004\075\004\060\004\117\000\040\004\074\004\076\004\064\004\065\004\073\004\114\000\040\004\101\004\076\000\040\004\101\004\102\004\065\004\101\004\075\004\121\004\075\004\075\004\113\004\074\000\040\004\062\004\100\004\060\004\111\004\065\004\075\004\070\004\065\004\074}{chapter.5}% 66
\BOOKMARK [0][]{chapter.6}{\376\377\004\042\004\065\004\100\004\074\004\076\004\103\004\077\004\100\004\103\004\063\004\076\004\101\004\102\004\114}{}% 67
\BOOKMARK [1][]{section.6.1}{\376\377\004\037\004\065\004\100\004\062\004\113\004\071\000\040\004\067\004\060\004\072\004\076\004\075\000\040\004\102\004\065\004\100\004\074\004\076\004\064\004\070\004\075\004\060\004\074\004\070\004\072\004\070}{chapter.6}% 68
\BOOKMARK [1][]{section.6.2}{\376\377\004\022\004\102\004\076\004\100\004\076\004\071\000\040\004\067\004\060\004\072\004\076\004\075}{chapter.6}% 69
\BOOKMARK [1][]{section.6.3}{\376\377\004\036\004\077\004\100\004\065\004\064\004\065\004\073\004\117\004\116\004\111\004\070\004\065\000\040\004\103\004\100\004\060\004\062\004\075\004\065\004\075\004\070\004\117}{chapter.6}% 70
\BOOKMARK [1][]{section.6.4}{\376\377\004\043\004\100\004\060\004\062\004\075\004\065\004\075\004\070\004\065\000\040\004\102\004\065\004\077\004\073\004\076\004\077\004\100\004\076\004\062\004\076\004\064\004\075\004\076\004\101\004\102\004\070}{chapter.6}% 71
\BOOKMARK [1][]{section.6.5}{\376\377\004\033\004\070\004\075\004\065\004\071\004\075\004\060\004\117\000\040\004\102\004\065\004\100\004\074\004\076\004\103\004\077\004\100\004\103\004\063\004\076\004\101\004\102\004\114}{chapter.6}% 72
\BOOKMARK [1][]{section.6.6}{\376\377\004\043\004\100\004\060\004\062\004\075\004\065\004\075\004\070\004\117\000\040\004\062\000\040\004\077\004\065\004\100\004\065\004\074\004\065\004\111\004\065\004\075\004\070\004\117\004\105}{chapter.6}% 73
\BOOKMARK [1][]{section.6.7}{\376\377\004\042\004\065\004\074\004\077\004\065\004\100\004\060\004\102\004\103\004\100\004\075\004\113\004\065\000\040\004\075\004\060\004\077\004\100\004\117\004\066\004\065\004\075\004\070\004\117}{chapter.6}% 74
\BOOKMARK [1][]{section.6.8}{\376\377\004\022\004\060\004\100\004\070\004\060\004\106\004\070\004\076\004\075\004\075\004\113\004\065\000\040\004\077\004\076\004\101\004\102\004\060\004\075\004\076\004\062\004\072\004\070}{chapter.6}% 75
\BOOKMARK [0][]{chapter.7}{\376\377\004\034\004\060\004\063\004\075\004\070\004\102\004\076\004\103\004\077\004\100\004\103\004\063\004\076\004\101\004\102\004\114}{}% 76
\BOOKMARK [1][]{section.7.1}{\376\377\004\055\004\073\004\065\004\072\004\102\004\100\004\076\004\074\004\060\004\063\004\075\004\070\004\102\004\075\004\076\004\065\000\040\004\077\004\076\004\073\004\065}{chapter.7}% 77
\BOOKMARK [1][]{section.7.2}{\376\377\004\055\004\073\004\065\004\072\004\102\004\100\004\076\004\101\004\102\004\060\004\102\004\070\004\072\004\060}{chapter.7}% 78
\BOOKMARK [1][]{section.7.3}{\376\377\004\024\004\070\004\115\004\073\004\065\004\072\004\102\004\100\004\070\004\072\004\070}{chapter.7}% 79
\BOOKMARK [1][]{section.7.4}{\376\377\004\034\004\060\004\063\004\075\004\070\004\102\004\076\004\101\004\102\004\060\004\102\004\070\004\072\004\060}{chapter.7}% 80
\BOOKMARK [1][]{section.7.5}{\376\377\004\034\004\060\004\063\004\075\004\065\004\102\004\070\004\072\004\070}{chapter.7}% 81
\BOOKMARK [1][]{section.7.6}{\376\377\004\034\004\060\004\063\004\075\004\070\004\102\004\075\004\060\004\117\000\040\004\066\004\121\004\101\004\102\004\072\004\076\004\101\004\102\004\114}{chapter.7}% 82
\BOOKMARK [0][]{chapter.8}{\376\377\004\020\004\101\004\070\004\074\004\077\004\102\004\076\004\102\004\070\004\107\004\065\004\101\004\072\004\070\004\065\000\040\004\074\004\065\004\102\004\076\004\064\004\113}{}% 83
\BOOKMARK [1][]{section.8.1}{\376\377\004\020\004\101\004\070\004\074\004\077\004\102\004\076\004\102\004\070\004\107\004\065\004\101\004\072\004\070\004\065\000\040\004\100\004\060\004\067\004\073\004\076\004\066\004\065\004\075\004\070\004\117}{chapter.8}% 84
\BOOKMARK [1][]{section.8.2}{\376\377\004\040\004\060\004\101\004\111\004\065\004\077\004\073\004\065\004\075\004\070\004\065\000\040\004\062\000\040\004\073\004\070\004\075\004\065\004\071\004\075\004\076\004\071\000\040\004\060\004\073\004\063\004\065\004\061\004\100\004\060\004\070\004\107\004\065\004\101\004\072\004\076\004\071\000\040\004\101\004\070\004\101\004\102\004\065\004\074\004\065}{chapter.8}% 85
\BOOKMARK [1][]{section.8.3}{\376\377\004\034\004\065\004\102\004\076\004\064\000\040\004\037\004\103\004\060\004\075\004\072\004\060\004\100\004\065}{chapter.8}% 86
\BOOKMARK [1][]{section.8.4}{\376\377\004\034\004\065\004\102\004\076\004\064\000\040\004\076\004\101\004\100\004\065\004\064\004\075\004\065\004\075\004\070\004\117\000\040\004\022\004\060\004\075\000-\004\064\004\065\004\100\000-\004\037\004\076\004\073\004\117}{chapter.8}% 87
\BOOKMARK [1][]{section.8.5}{\376\377\004\034\004\065\004\102\004\076\004\064\000\040\004\101\004\100\004\060\004\111\004\070\004\062\004\060\004\075\004\070\004\117\000\040\004\060\004\101\004\070\004\074\004\077\004\102\004\076\004\102\004\070\004\107\004\065\004\101\004\072\004\070\004\105\000\040\004\100\004\060\004\067\004\073\004\076\004\066\004\065\004\075\004\070\004\071}{chapter.8}% 88
\BOOKMARK [1][]{section.8.6}{\376\377\004\034\004\065\004\102\004\076\004\064\000\040\004\074\004\075\004\076\004\063\004\070\004\105\000\040\004\074\004\060\004\101\004\110\004\102\004\060\004\061\004\076\004\062}{chapter.8}% 89
\BOOKMARK [1][]{section.8.7}{\376\377\004\043\004\100\004\060\004\062\004\075\004\065\004\075\004\070\004\117\000\040\004\101\000\040\004\074\004\065\004\064\004\073\004\065\004\075\004\075\004\076\000\040\004\074\004\065\004\075\004\117\004\116\004\111\004\070\004\074\004\070\004\101\004\117\000\040\004\072\004\076\004\115\004\104\004\104\004\070\004\106\004\070\004\065\004\075\004\102\004\060\004\074\004\070}{chapter.8}% 90
\BOOKMARK [1][]{section.8.8}{\376\377\004\042\004\076\004\075\004\072\004\070\004\065\000\040\004\102\004\065\004\073\004\060}{chapter.8}% 91
\BOOKMARK [0][]{chapter.9}{\376\377\004\041\004\102\004\065\004\100\004\066\004\075\004\070}{}% 92
\BOOKMARK [1][]{section.9.1}{\376\377\004\030\004\101\004\105\004\076\004\064\004\075\004\113\004\065\000\040\004\077\004\100\004\065\004\064\004\101\004\102\004\060\004\062\004\073\004\065\004\075\004\070\004\117}{chapter.9}% 93
\BOOKMARK [1][]{section.9.2}{\376\377\004\032\004\070\004\075\004\065\004\074\004\060\004\102\004\070\004\072\004\060\000\040\004\073\004\070\004\075\004\070\004\071\000\040\004\032\004\076\004\101\004\101\004\065\004\100\004\060}{chapter.9}% 94
\BOOKMARK [1][]{section.9.3}{\376\377\004\041\004\070\004\073\004\076\004\062\004\113\004\065\000\040\004\104\004\060\004\072\004\102\004\076\004\100\004\113\000\040\004\070\000\040\004\070\004\105\000\040\004\061\004\060\004\073\004\060\004\075\004\101}{chapter.9}% 95
\BOOKMARK [1][]{section.9.4}{\376\377\004\037\004\100\004\070\004\075\004\106\004\070\004\077\000\040\004\062\004\070\004\100\004\102\004\103\004\060\004\073\004\114\004\075\004\076\004\071\000\040\004\100\004\060\004\061\004\076\004\102\004\113\000\040\004\070\000\040\004\065\004\063\004\076\000\040\004\101\004\073\004\065\004\064\004\101\004\102\004\062\004\070\004\117}{chapter.9}% 96
\BOOKMARK [1][]{section.9.5}{\376\377\004\032\004\073\004\060\004\101\004\101\004\070\004\107\004\065\004\101\004\072\004\060\004\117\000\040\004\074\004\076\004\064\004\065\004\073\004\114\000\040\004\032\004\070\004\100\004\105\004\063\004\076\004\104\004\060}{chapter.9}% 97
\BOOKMARK [1][]{section.9.6}{\376\377\004\027\004\060\004\064\004\060\004\107\004\060\000\040\004\055\004\071\004\073\004\065\004\100\004\060}{chapter.9}% 98
\BOOKMARK [1][]{section.9.7}{\376\377\004\043\004\100\004\060\004\062\004\075\004\065\004\075\004\070\004\117\000\040\004\062\000\040\004\062\004\060\004\100\004\070\004\060\004\106\004\070\004\117\004\105}{chapter.9}% 99
\BOOKMARK [1][]{section.9.8}{\376\377\004\034\004\076\004\064\004\065\004\073\004\114\000\040\004\101\000\040\004\100\004\060\004\101\004\102\004\117\004\066\004\065\004\075\004\070\004\065\004\074\000\040\004\061\004\065\004\067\000\040\004\101\004\064\004\062\004\070\004\063\004\060}{chapter.9}% 100
\BOOKMARK [1][]{section.9.9}{\376\377\004\034\004\065\004\105\004\060\004\075\004\070\004\072\004\060\000\040\004\075\004\070\004\102\004\070}{chapter.9}% 101
\BOOKMARK [1][]{section.9.10}{\376\377\004\033\004\070\004\075\004\065\004\071\004\075\004\060\004\117\000\040\004\102\004\065\004\076\004\100\004\070\004\117}{chapter.9}% 102
\BOOKMARK [1][]{section.9.11}{\376\377\004\041\004\073\004\103\004\107\004\060\004\071\000\040\004\074\004\060\004\073\004\076\004\071\000\040\004\102\004\076\004\073\004\111\004\070\004\075\004\113}{chapter.9}% 103
\BOOKMARK [1][]{section.9.12}{\376\377\004\027\004\060\004\064\004\060\004\107\004\060\000\040\004\041\004\065\004\075\000-\004\022\004\065\004\075\004\060\004\075\004\060}{chapter.9}% 104
\BOOKMARK [1][]{section.9.13}{\376\377\004\036\004\077\004\100\004\065\004\064\004\065\004\073\004\065\004\075\004\070\004\065\000\040\004\066\004\121\004\101\004\102\004\072\004\076\004\101\004\102\004\065\004\071\000\040\004\077\004\076\000\040\004\115\004\075\004\065\004\100\004\063\004\070\004\070}{chapter.9}% 105
\BOOKMARK [1][]{section.9.14}{\376\377\004\022\004\060\004\100\004\070\004\060\004\106\004\070\004\076\004\075\004\075\004\113\004\071\000\040\004\074\004\065\004\102\004\076\004\064\000\040\004\077\004\076\004\101\004\102\004\100\004\076\004\065\004\075\004\070\004\117\000\040\004\076\004\064\004\075\004\076\004\074\004\065\004\100\004\075\004\113\004\105\000\040\004\074\004\076\004\064\004\065\004\073\004\065\004\071}{chapter.9}% 106
\BOOKMARK [1][]{section.9.15}{\376\377\004\020\004\101\004\070\004\074\004\077\004\102\004\076\004\102\004\070\004\107\004\065\004\101\004\072\004\076\004\065\000\040\004\100\004\060\004\111\004\065\004\077\004\073\004\065\004\075\004\070\004\065\000\040\004\102\004\100\004\121\004\105\004\074\004\065\004\100\004\075\004\076\004\071\000\040\004\067\004\060\004\064\004\060\004\107\004\070}{chapter.9}% 107
\BOOKMARK [1][]{section.9.16}{\376\377\004\042\004\065\004\074\004\077\004\065\004\100\004\060\004\102\004\103\004\100\004\075\004\113\004\065\000\040\004\064\004\065\004\104\004\076\004\100\004\074\004\060\004\106\004\070\004\070\000\040\004\070\000\040\004\075\004\060\004\077\004\100\004\117\004\066\004\065\004\075\004\070\004\117}{chapter.9}% 108
\BOOKMARK [0][]{chapter.10}{\376\377\004\042\004\076\004\075\004\072\004\076\004\101\004\102\004\065\004\075\004\075\004\113\004\065\000\040\004\101\004\102\004\065\004\100\004\066\004\075\004\070}{}% 109
\BOOKMARK [1][]{section.10.1}{\376\377\004\022\004\060\004\100\004\070\004\060\004\106\004\070\004\076\004\075\004\075\004\113\004\071\000\040\004\077\004\076\004\064\004\105\004\076\004\064}{chapter.10}% 110
\BOOKMARK [1][]{section.10.2}{\376\377\004\043\004\100\004\060\004\062\004\075\004\065\004\075\004\070\004\117\000\040\004\101\000\040\004\074\004\060\004\073\004\113\004\074\000\040\004\077\004\060\004\100\004\060\004\074\004\065\004\102\004\100\004\076\004\074}{chapter.10}% 111
\BOOKMARK [1][]{section.10.3}{\376\377\004\037\004\065\004\100\004\062\004\113\004\071\000\040\004\110\004\060\004\063\000\040\004\060\004\101\004\070\004\074\004\077\004\102\004\076\004\102\004\070\004\107\004\065\004\101\004\072\004\076\004\071\000\040\004\077\004\100\004\076\004\106\004\065\004\064\004\103\004\100\004\113}{chapter.10}% 112
\BOOKMARK [1][]{section.10.4}{\376\377\004\022\004\102\004\076\004\100\004\076\004\071\000\040\004\110\004\060\004\063}{chapter.10}% 113
\BOOKMARK [1][]{section.10.5}{\376\377\004\042\004\100\004\065\004\102\004\070\004\071\000\040\004\110\004\060\004\063}{chapter.10}% 114
\BOOKMARK [1][]{section.10.6}{\376\377\004\047\004\065\004\102\004\062\004\121\004\100\004\102\004\113\004\071\000\040\004\110\004\060\004\063}{chapter.10}% 115
\BOOKMARK [1][]{section.10.7}{\376\377\004\037\004\065\004\100\004\065\004\074\004\065\004\111\004\065\004\075\004\070\004\117}{chapter.10}% 116
\BOOKMARK [1][]{section.10.8}{\376\377\004\030\004\102\004\076\004\063\004\070\000\040\004\060\004\101\004\070\004\074\004\077\004\102\004\076\004\102\004\070\004\107\004\065\004\101\004\072\004\076\004\063\004\076\000\040\004\060\004\075\004\060\004\073\004\070\004\067\004\060}{chapter.10}% 117
\BOOKMARK [0][]{chapter.11}{\376\377\004\036\004\061\004\076\004\073\004\076\004\107\004\072\004\070\000\040\004\070\000\040\004\077\004\073\004\060\004\101\004\102\004\070\004\075\004\113}{}% 118
\BOOKMARK [1][]{section.11.1}{\376\377\004\036\004\061\004\076\004\073\004\076\004\107\004\072\004\070\000:\000\040\004\023\004\065\004\076\004\074\004\065\004\102\004\100\004\070\004\117\000\040\004\077\004\076\004\062\004\065\004\100\004\105\004\075\004\076\004\101\004\102\004\065\004\071}{chapter.11}% 119
\BOOKMARK [1][]{section.11.2}{\376\377\004\036\004\061\004\076\004\073\004\076\004\107\004\072\004\070\000:\000\040\004\034\004\076\004\064\004\065\004\073\004\114\000\040\004\076\004\061\004\076\004\073\004\076\004\107\004\072\004\070}{chapter.11}% 120
\BOOKMARK [1][]{section.11.3}{\376\377\004\036\004\061\004\076\004\073\004\076\004\107\004\072\004\070\000:\000\040\004\021\004\060\004\073\004\060\004\075\004\101\000\040\004\101\004\070\004\073\000\040\004\070\000\040\004\074\004\076\004\074\004\065\004\075\004\102\004\076\004\062}{chapter.11}% 121
\BOOKMARK [1][]{section.11.4}{\376\377\004\036\004\061\004\076\004\073\004\076\004\107\004\072\004\070\000:\000\040\004\036\004\102\004\075\004\076\004\110\004\065\004\075\004\070\004\117\000\040\004\103\004\077\004\100\004\103\004\063\004\076\004\101\004\102\004\070}{chapter.11}% 122
\BOOKMARK [1][]{section.11.5}{\376\377\004\036\004\061\004\076\004\073\004\076\004\107\004\072\004\070\000:\000\040\004\032\004\073\004\060\004\101\004\101\004\070\004\107\004\065\004\101\004\072\004\060\004\117\000\040\004\102\004\065\004\076\004\100\004\070\004\117}{chapter.11}% 123
\BOOKMARK [1][]{section.11.6}{\376\377\004\036\004\061\004\076\004\073\004\076\004\107\004\072\004\070\000:\000\040\004\037\004\073\004\060\004\101\004\102\004\070\004\075\004\060}{chapter.11}% 124
\BOOKMARK [1][]{section.11.7}{\376\377\004\036\004\061\004\076\004\073\004\076\004\107\004\072\004\070\000:\000\040\004\037\004\076\004\064\004\105\004\076\004\064\000\040\004\101\000\040\004\074\004\075\004\076\004\066\004\070\004\102\004\065\004\073\004\117\004\074\004\070\000\040\004\033\004\060\004\063\004\100\004\060\004\075\004\066\004\060}{chapter.11}% 125
\BOOKMARK [1][]{section.11.8}{\376\377\004\036\004\061\004\076\004\073\004\076\004\107\004\072\004\070\000:\000\040\004\046\004\070\004\073\004\070\004\075\004\064\004\100\004\070\004\107\004\065\004\101\004\072\004\060\004\117\000\040\004\076\004\061\004\076\004\073\004\076\004\107\004\072\004\060}{chapter.11}% 126
\BOOKMARK [1][]{section.11.9}{\376\377\004\036\004\061\004\076\004\073\004\076\004\107\004\072\004\070\000:\000\040\004\036\004\061\004\111\004\070\004\065\000\040\004\102\004\065\004\076\004\100\004\065\004\074\004\113}{chapter.11}% 127
\BOOKMARK [1][]{section.11.10}{\376\377\004\036\004\061\004\076\004\073\004\076\004\107\004\072\004\070\000:\000\040\004\032\004\100\004\060\004\065\004\062\004\113\004\065\000\040\004\103\004\101\004\073\004\076\004\062\004\070\004\117}{chapter.11}% 128
\BOOKMARK [1][]{section.11.11}{\376\377\004\036\004\061\004\076\004\073\004\076\004\107\004\072\004\070\000:\000\040\004\036\004\061\004\076\004\073\004\076\004\107\004\072\004\070\000\040\004\062\004\100\004\060\004\111\004\065\004\075\004\070\004\117}{chapter.11}% 129
\BOOKMARK [1][]{section.11.12}{\376\377\004\036\004\061\004\076\004\073\004\076\004\107\004\072\004\070\000:\000\040\004\021\004\065\004\067\004\074\004\076\004\074\004\065\004\075\004\102\004\075\004\060\004\117\000\040\004\102\004\065\004\076\004\100\004\070\004\117}{chapter.11}% 130
\BOOKMARK [1][]{section.11.13}{\376\377\004\036\004\061\004\076\004\073\004\076\004\107\004\072\004\070\000:\000\040\004\035\004\065\004\073\004\070\004\075\004\065\004\071\004\075\004\060\004\117\000\040\004\061\004\065\004\067\004\074\004\076\004\074\004\065\004\075\004\102\004\075\004\060\004\117\000\040\004\102\004\065\004\076\004\100\004\070\004\117}{chapter.11}% 131
\BOOKMARK [1][]{section.11.14}{\376\377\004\036\004\061\004\076\004\073\004\076\004\107\004\072\004\070\000:\000\040\004\030\004\075\004\076\004\071\000\040\004\062\004\060\004\100\004\070\004\060\004\075\004\102\000\040\004\072\004\073\004\060\004\101\004\101\004\070\004\107\004\065\004\101\004\072\004\076\004\071\000\040\004\102\004\065\004\076\004\100\004\070\004\070}{chapter.11}% 132
\BOOKMARK [1][]{section.11.15}{\376\377\004\037\004\073\004\060\004\101\004\102\004\070\004\075\004\113\000:\000\040\004\036\004\061\004\111\004\070\004\065\000\040\004\077\004\100\004\065\004\064\004\101\004\102\004\060\004\062\004\073\004\065\004\075\004\070\004\117}{chapter.11}% 133
\BOOKMARK [1][]{section.11.16}{\376\377\004\037\004\073\004\060\004\101\004\102\004\070\004\075\004\113\000:\000\040\004\034\004\076\004\064\004\065\004\073\004\114\000\040\004\102\004\070\004\077\004\060\000\040\004\042\004\070\004\074\004\076\004\110\004\065\004\075\004\072\004\076\000\040\000\050\004\077\004\100\004\117\004\074\004\076\004\071\000\040\004\077\004\076\004\064\004\105\004\076\004\064\000\051}{chapter.11}% 134
\BOOKMARK [1][]{section.11.17}{\376\377\004\037\004\073\004\060\004\101\004\102\004\070\004\075\004\113\000:\000\040\004\032\004\073\004\060\004\101\004\101\004\070\004\107\004\065\004\101\004\072\004\060\004\117\000\040\004\102\004\065\004\076\004\100\004\070\004\117\000\040\004\032\004\070\004\100\004\105\004\063\004\076\004\104\004\060}{chapter.11}% 135
\BOOKMARK [1][]{section.11.18}{\376\377\004\037\004\073\004\060\004\101\004\102\004\070\004\075\004\113\000:\000\040\004\020\004\101\004\070\004\074\004\077\004\102\004\076\004\102\004\070\004\107\004\065\004\101\004\072\004\076\004\065\000\040\004\101\004\076\004\076\004\102\004\075\004\076\004\110\004\065\004\075\004\070\004\065\000\040\004\064\004\062\004\103\004\074\004\065\004\100\004\075\004\113\004\105\000\040\004\074\004\076\004\064\004\065\004\073\004\065\004\071}{chapter.11}% 136
\BOOKMARK [1][]{section.11.19}{\376\377\004\037\004\073\004\060\004\101\004\102\004\070\004\075\004\113\000:\000\040\004\022\004\060\004\100\004\070\004\060\004\106\004\070\004\076\004\075\004\075\004\113\004\071\000\040\004\077\004\065\004\100\004\065\004\105\004\076\004\064\000\040\004\076\004\102\000\040\004\102\004\100\004\121\004\105\004\074\004\065\004\100\004\075\004\076\004\071\000\040\004\074\004\076\004\064\004\065\004\073\004\070}{chapter.11}% 137
\BOOKMARK [1][]{section.11.20}{\376\377\004\037\004\073\004\060\004\101\004\102\004\070\004\075\004\113\000:\000\040\004\040\004\060\004\111\004\065\004\077\004\073\004\065\004\075\004\070\004\065\000\040\004\102\004\100\004\121\004\105\004\074\004\065\004\100\004\075\004\076\004\071\000\040\004\067\004\060\004\064\004\060\004\107\004\070\000\040\004\070\004\067\004\063\004\070\004\061\004\060}{chapter.11}% 138
\BOOKMARK [1][]{section.11.21}{\376\377\004\037\004\073\004\060\004\101\004\102\004\070\004\075\004\113\000:\000\040\004\032\004\100\004\103\004\063\004\073\004\113\004\065\000\040\004\077\004\073\004\060\004\101\004\102\004\070\004\075\004\113}{chapter.11}% 139
\BOOKMARK [1][]{section.11.22}{\376\377\004\037\004\073\004\060\004\101\004\102\004\070\004\075\004\113\000:\000\040\004\037\004\073\004\076\004\101\004\072\004\076\004\065\000\040\004\075\004\060\004\077\004\100\004\117\004\066\004\121\004\075\004\075\004\076\004\065\000\040\004\101\004\076\004\101\004\102\004\076\004\117\004\075\004\070\004\065}{chapter.11}% 140
\BOOKMARK [0][]{chapter.12}{\376\377\004\032\004\076\004\073\004\065\004\061\004\060\004\075\004\070\004\117\000\040\004\070\000\040\004\062\004\076\004\073\004\075\004\113}{}% 141
\BOOKMARK [1][]{section.12.1}{\376\377\004\032\004\076\004\073\004\065\004\061\004\060\004\075\004\070\004\117\000\040\004\102\004\100\004\121\004\105\004\074\004\065\004\100\004\075\004\113\004\105\000\040\004\102\004\065\004\073}{chapter.12}% 142
\BOOKMARK [1][]{section.12.2}{\376\377\004\032\004\076\004\073\004\065\004\061\004\060\004\075\004\070\004\117\000\040\004\101\004\102\004\065\004\100\004\066\004\075\004\065\004\071}{chapter.12}% 143
\BOOKMARK [1][]{section.12.3}{\376\377\004\034\004\060\004\073\004\113\004\065\000\040\004\062\004\076\004\067\004\074\004\103\004\111\004\065\004\075\004\070\004\117\000\040\004\077\004\060\004\100\004\060\004\074\004\065\004\102\004\100\004\076\004\062}{chapter.12}% 144
\BOOKMARK [1][]{section.12.4}{\376\377\004\032\004\076\004\073\004\065\004\061\004\060\004\075\004\070\004\117\000\040\004\076\004\061\004\076\004\073\004\076\004\107\004\065\004\072}{chapter.12}% 145
\BOOKMARK [1][]{section.12.5}{\376\377\004\022\004\076\004\073\004\075\004\113\000\040\004\062\000\040\004\103\004\077\004\100\004\103\004\063\004\076\004\071\000\040\004\101\004\100\004\065\004\064\004\065}{chapter.12}% 146
\BOOKMARK [1][]{section.12.6}{\376\377\004\022\004\076\004\073\004\075\004\113\000\040\004\062\000\040\004\101\004\102\004\065\004\100\004\066\004\075\004\117\004\105}{chapter.12}% 147
\BOOKMARK [1][]{section.12.7}{\376\377\004\035\004\065\004\073\004\070\004\075\004\065\004\071\004\075\004\113\004\065\000\040\004\072\004\076\004\073\004\065\004\061\004\060\004\075\004\070\004\117}{chapter.12}% 148
\BOOKMARK [0][]{chapter.13}{\376\377\004\043\004\101\004\102\004\076\004\071\004\107\004\070\004\062\004\076\004\101\004\102\004\114}{}% 149
\BOOKMARK [1][]{section.13.1}{\376\377\004\040\004\060\004\067\004\073\004\070\004\107\004\075\004\113\004\065\000\040\004\077\004\076\004\064\004\105\004\076\004\064\004\113\000\040\004\072\000\040\004\077\004\100\004\076\004\061\004\073\004\065\004\074\004\065\000\040\004\103\004\101\004\102\004\076\004\071\004\107\004\070\004\062\004\076\004\101\004\102\004\070}{chapter.13}% 150
\BOOKMARK [1][]{section.13.2}{\376\377\004\032\004\073\004\060\004\101\004\101\004\070\004\107\004\065\004\101\004\072\004\070\004\065\000\040\004\067\004\060\004\064\004\060\004\107\004\070\000\040\004\076\000\040\004\101\004\102\004\065\004\100\004\066\004\075\004\117\004\105}{chapter.13}% 151
\BOOKMARK [1][]{section.13.3}{\376\377\004\041\004\073\004\065\004\064\004\117\004\111\004\070\004\065\000\040\004\075\004\060\004\063\004\100\004\103\004\067\004\072\004\070}{chapter.13}% 152
\BOOKMARK [1][]{section.13.4}{\376\377\004\040\004\076\004\073\004\114\000\040\004\064\004\076\004\077\004\076\004\073\004\075\004\070\004\102\004\065\004\073\004\114\004\075\004\113\004\105\000\040\004\077\004\076\004\064\004\060\004\102\004\073\004\070\004\062\004\076\004\101\004\102\004\065\004\071}{chapter.13}% 153
\BOOKMARK [1][]{section.13.5}{\376\377\004\022\004\060\004\100\004\070\004\060\004\106\004\070\004\076\004\075\004\075\004\113\004\065\000\040\004\077\004\076\004\101\004\102\004\060\004\075\004\076\004\062\004\072\004\070}{chapter.13}% 154
\BOOKMARK [1][]{section.13.6}{\376\377\004\035\004\065\004\072\004\076\004\075\004\101\004\065\004\100\004\062\004\060\004\102\004\070\004\062\004\075\004\113\004\065\000\040\004\067\004\060\004\064\004\060\004\107\004\070}{chapter.13}% 155
\BOOKMARK [1][]{section.13.7}{\376\377\004\041\004\073\004\103\004\107\004\060\004\071\000\040\004\072\004\100\004\060\004\102\004\075\004\113\004\105\000\040\004\072\004\076\004\100\004\075\004\065\004\071}{chapter.13}% 156
\BOOKMARK [0][]{chapter.14}{\376\377\004\024\004\065\004\104\004\065\004\072\004\102\004\113}{}% 157
\BOOKMARK [1][]{section.14.1}{\376\377\004\024\004\070\004\101\004\073\004\076\004\072\004\060\004\106\004\070\004\070\000\040\004\022\004\076\004\073\004\114\004\102\004\065\004\100\004\100\004\113}{chapter.14}% 158
\BOOKMARK [1][]{section.14.2}{\376\377\004\037\004\100\004\117\004\074\004\076\004\073\004\070\004\075\004\065\004\071\004\075\004\113\004\065\000\040\004\064\004\070\004\101\004\073\004\076\004\072\004\060\004\106\004\070\004\070}{chapter.14}% 159
\BOOKMARK [1][]{section.14.3}{\376\377\004\024\004\065\004\071\004\101\004\102\004\062\004\070\004\065\000\040\004\077\004\076\004\073\004\117\000\040\004\075\004\060\004\077\004\100\004\117\004\066\004\065\004\075\004\070\004\071\000\040\004\075\004\060\000\040\004\064\004\070\004\101\004\073\004\076\004\072\004\060\004\106\004\070\004\116}{chapter.14}% 160
\BOOKMARK [1][]{section.14.4}{\376\377\004\036\000\040\004\064\004\062\004\070\004\066\004\065\004\075\004\070\004\070\000\040\004\064\004\070\004\101\004\073\004\076\004\072\004\060\004\106\004\070\004\071}{chapter.14}% 161
\BOOKMARK [1][]{section.14.5}{\376\377\004\042\004\076\004\107\004\065\004\107\004\075\004\113\004\065\000\040\004\064\004\065\004\104\004\065\004\072\004\102\004\113}{chapter.14}% 162
\BOOKMARK [1][]{section.14.6}{\376\377\004\041\004\070\004\073\004\060\000,\000\040\004\064\004\065\004\071\004\101\004\102\004\062\004\103\004\116\004\111\004\060\004\117\000\040\004\075\004\060\000\040\004\102\004\076\004\107\004\065\004\107\004\075\004\113\004\071\000\040\004\064\004\065\004\104\004\065\004\072\004\102}{chapter.14}% 163
\BOOKMARK [1][]{section.14.7}{\376\377\004\035\004\065\004\077\004\100\004\065\004\100\004\113\004\062\004\075\004\076\000\040\004\100\004\060\004\101\004\077\004\100\004\065\004\064\004\065\004\073\004\121\004\075\004\075\004\113\004\065\000\040\004\064\004\070\004\101\004\073\004\076\004\072\004\060\004\106\004\070\004\070}{chapter.14}% 164
\BOOKMARK [1][]{section.14.8}{\376\377\004\035\004\060\004\077\004\100\004\117\004\066\004\065\004\075\004\070\004\117\000\040\004\077\004\100\004\070\000\040\004\075\004\060\004\074\004\076\004\102\004\072\004\065\000\040\004\072\004\060\004\102\004\103\004\110\004\072\004\070}{chapter.14}% 165
\BOOKMARK [0][]{chapter.15}{\376\377\004\042\004\100\004\065\004\111\004\070\004\075\004\113}{}% 166
\BOOKMARK [1][]{section.15.1}{\376\377\004\042\004\100\004\060\004\064\004\070\004\106\004\070\004\076\004\075\004\075\004\113\004\065\000\040\004\072\004\100\004\070\004\102\004\065\004\100\004\070\004\070\000\040\004\077\004\100\004\076\004\107\004\075\004\076\004\101\004\102\004\070}{chapter.15}% 167
\BOOKMARK [1][]{section.15.2}{\376\377\004\020\004\075\004\102\004\070\004\077\004\073\004\076\004\101\004\072\004\060\004\117\000\040\004\064\004\065\004\104\004\076\004\100\004\074\004\060\004\106\004\070\004\117\000\040\004\101\004\100\004\065\004\064\004\113\000\040\004\101\000\040\004\102\004\100\004\065\004\111\004\070\004\075\004\076\004\071}{chapter.15}% 168
\BOOKMARK [1][]{section.15.3}{\376\377\004\042\004\100\004\065\004\111\004\070\004\075\004\060\000\040\004\077\004\100\004\070\000\040\004\077\004\073\004\076\004\101\004\072\004\076\004\071\000\040\004\064\004\065\004\104\004\076\004\100\004\074\004\060\004\106\004\070\004\070}{chapter.15}% 169
\BOOKMARK [1][]{section.15.4}{\376\377\004\042\004\100\004\065\004\111\004\070\004\075\004\076\004\064\004\062\004\070\004\066\004\103\004\111\004\060\004\117\000\040\004\101\004\070\004\073\004\060}{chapter.15}% 170
\BOOKMARK [1][]{section.15.5}{\376\377\004\032\004\100\004\070\004\102\004\065\004\100\004\070\004\071\000\040\004\100\004\076\004\101\004\102\004\060\000\040\004\102\004\100\004\065\004\111\004\070\004\075\004\113}{chapter.15}% 171
\BOOKMARK [1][]{section.15.6}{\376\377\004\030\004\075\004\102\004\065\004\063\004\100\004\060\004\073\000\040\004\040\004\060\004\071\004\101\004\060}{chapter.15}% 172
\BOOKMARK [1][]{section.15.7}{\376\377\004\036\004\077\004\100\004\065\004\064\004\065\004\073\004\065\004\075\004\070\004\065\000\040\004\072\004\076\004\115\004\104\004\104\004\070\004\106\004\070\004\065\004\075\004\102\004\076\004\062\000\040\004\070\004\075\004\102\004\065\004\075\004\101\004\070\004\062\004\075\004\076\004\101\004\102\004\070}{chapter.15}% 173
\BOOKMARK [1][]{section.15.8}{\376\377\004\034\004\076\004\064\004\065\004\073\004\114\000\040\004\021\004\060\004\100\004\065\004\075\004\061\004\073\004\060\004\102\004\102\004\060}{chapter.15}% 174
\BOOKMARK [1][]{section.15.9}{\376\377\004\024\004\065\004\104\004\076\004\100\004\074\004\060\004\106\004\070\004\076\004\075\004\075\004\113\004\071\000\040\004\072\004\100\004\070\004\102\004\065\004\100\004\070\004\071}{chapter.15}% 175
\BOOKMARK [1][]{section.15.10}{\376\377\004\040\004\076\004\101\004\102\000\040\004\102\004\100\004\065\004\111\004\070\004\075}{chapter.15}% 176
\BOOKMARK [1][]{section.15.11}{\376\377\004\043\004\077\004\100\004\103\004\063\004\076\004\065\000\040\004\077\004\076\004\073\004\065\000\040\004\062\004\077\004\065\004\100\004\065\004\064\004\070\000\040\004\064\004\062\004\070\004\066\004\103\004\111\004\065\004\071\004\101\004\117\000\040\004\102\004\100\004\065\004\111\004\070\004\075\004\113}{chapter.15}% 177
\BOOKMARK [1][]{section.15.12}{\376\377\004\021\004\060\004\073\004\060\004\075\004\101\000\040\004\115\004\075\004\065\004\100\004\063\004\070\004\070\000\040\004\064\004\073\004\117\000\040\004\064\004\062\004\070\004\066\004\103\004\111\004\065\004\071\004\101\004\117\000\040\004\102\004\100\004\065\004\111\004\070\004\075\004\113}{chapter.15}% 178
\BOOKMARK [0][]{chapter.16}{\376\377\004\032\004\076\004\074\004\077\004\076\004\067\004\070\004\102\004\113}{}% 179
\BOOKMARK [1][]{section.16.1}{\376\377\004\022\004\062\004\076\004\064\004\075\004\113\004\065\000\040\004\101\004\076\004\076\004\061\004\100\004\060\004\066\004\065\004\075\004\070\004\117}{chapter.16}% 180
\BOOKMARK [1][]{section.16.2}{\376\377\004\055\004\104\004\104\004\065\004\072\004\102\004\070\004\062\004\075\004\113\004\065\000\040\004\077\004\076\004\073\004\117}{chapter.16}% 181
\BOOKMARK [1][]{section.16.3}{\376\377\004\032\004\100\004\060\004\065\004\062\004\113\004\065\000\040\004\067\004\060\004\064\004\060\004\107\004\070\000\040\004\064\004\073\004\117\000\040\004\077\004\100\004\065\004\064\004\101\004\102\004\060\004\062\004\070\004\102\004\065\004\073\004\114\004\075\004\076\004\063\004\076\000\040\004\076\004\061\004\112\004\121\004\074\004\060}{chapter.16}% 182
\BOOKMARK [1][]{section.16.4}{\376\377\004\022\004\070\004\073\004\072\004\060\000\040\004\045\004\070\004\073\004\073\004\060}{chapter.16}% 183
\BOOKMARK [1][]{section.16.5}{\376\377\004\044\004\076\004\100\004\074\004\103\004\073\004\113\000\040\004\055\004\110\004\065\004\073\004\061\004\070}{chapter.16}% 184
\BOOKMARK [1][]{section.16.6}{\376\377\004\034\004\076\004\064\004\103\004\073\004\070\000\040\004\101\004\100\004\065\004\064\004\113\000\040\004\101\004\076\000\040\004\101\004\104\004\065\004\100\004\070\004\107\004\065\004\101\004\072\004\070\004\074\004\070\000\040\004\062\004\072\004\073\004\116\004\107\004\065\004\075\004\070\004\117\004\074\004\070}{chapter.16}% 185
\BOOKMARK [1][]{section.16.7}{\376\377\004\034\004\065\004\102\004\076\004\064\000\040\004\101\004\060\004\074\004\076\004\101\004\076\004\063\004\073\004\060\004\101\004\076\004\062\004\060\004\075\004\070\004\117}{chapter.16}% 186
\BOOKMARK [1][]{section.16.8}{\376\377\004\037\004\100\004\070\004\075\004\106\004\070\004\077\000\040\004\045\004\060\004\110\004\070\004\075\004\060\040\023\004\050\004\102\004\100\004\070\004\072\004\074\004\060\004\075\004\060}{chapter.16}% 187
\BOOKMARK [0][]{chapter.17}{\376\377\004\037\004\065\004\100\004\070\004\076\004\064\004\070\004\107\004\065\004\101\004\072\004\070\004\065\000\040\004\101\004\102\004\100\004\103\004\072\004\102\004\103\004\100\004\113}{}% 188
\BOOKMARK [1][]{section.17.1}{\376\377\004\036\004\064\004\075\004\076\004\074\004\065\004\100\004\075\004\060\004\117\000\040\004\067\004\060\004\064\004\060\004\107\004\060}{chapter.17}% 189
\BOOKMARK [1][]{section.17.2}{\376\377\004\042\004\100\004\121\004\105\004\074\004\065\004\100\004\075\004\060\004\117\000\040\004\101\004\100\004\065\004\064\004\060}{chapter.17}% 190
\BOOKMARK [1][]{section.17.3}{\376\377\004\022\004\076\004\073\004\076\004\072\004\075\004\070\004\101\004\102\004\060\004\117\000\040\004\101\004\102\004\100\004\103\004\072\004\102\004\103\004\100\004\060}{chapter.17}% 191
\BOOKMARK [1][]{section.17.4}{\376\377\004\041\004\102\004\060\004\102\004\070\004\072\004\060\000\040\004\077\004\065\004\100\004\070\004\076\004\064\004\070\004\107\004\065\004\101\004\072\004\076\004\063\004\076\000\040\004\101\004\102\004\065\004\100\004\066\004\075\004\117}{chapter.17}% 192
\BOOKMARK [0][]{section.17.4}{\376\377\004\041\004\077\004\070\004\101\004\076\004\072\000\040\004\073\004\070\004\102\004\065\004\100\004\060\004\102\004\103\004\100\004\113}{}% 193
